--- Startup times for process: Primary (or UI client) ---

times in msec
 clock   self+sourced   self:  sourced script
 clock   elapsed:              other lines

000.000  000.000: --- NVIM STARTING ---
000.058  000.058: event init
000.327  000.269: early init
001.306  000.979: locale set
001.328  000.022: init first window
002.121  000.793: inits 1
002.126  000.005: window checked
002.129  000.003: parsing arguments
003.142  000.223  000.223: require('vim.shared')
003.230  000.029  000.029: require('vim.inspect')
003.266  000.028  000.028: require('vim._options')
003.268  000.123  000.067: require('vim._editor')
003.269  000.576  000.230: require('vim._init_packages')
003.271  000.566: init lua interpreter
005.622  002.351: nvim_ui_attach
006.150  000.528: nvim_set_client_info
006.152  000.002: --- NVIM STARTED ---

--- Startup times for process: Embedded ---

times in msec
 clock   self+sourced   self:  sourced script
 clock   elapsed:              other lines

000.000  000.000: --- NVIM STARTING ---
000.051  000.051: event init
000.150  000.099: early init
000.417  000.267: locale set
000.437  000.020: init first window
000.759  000.322: inits 1
000.771  000.012: window checked
000.773  000.003: parsing arguments
001.173  000.034  000.034: require('vim.shared')
001.242  000.028  000.028: require('vim.inspect')
001.276  000.027  000.027: require('vim._options')
001.278  000.103  000.049: require('vim._editor')
001.280  000.163  000.026: require('vim._init_packages')
001.281  000.345: init lua interpreter
002.909  001.627: expanding arguments
002.922  000.013: inits 2
003.170  000.248: init highlight
003.171  000.001: waiting for UI
003.543  000.371: done waiting for UI
003.545  000.003: clear screen
003.684  000.030  000.030: require('vim.keymap')
004.797  000.155  000.155: sourcing nvim_exec2()
004.970  001.422  001.237: require('vim._defaults')
004.972  000.005: init default mappings & autocommands
005.731  000.177  000.177: sourcing /opt/homebrew/Cellar/neovim/0.11.1/share/nvim/runtime/ftplugin.vim
006.102  000.285  000.285: sourcing /opt/homebrew/Cellar/neovim/0.11.1/share/nvim/runtime/indent.vim
007.630  001.019  001.019: require('lazy')
007.973  000.066  000.066: require('ffi')
008.016  000.024  000.024: require('vim.fs')
008.494  000.476  000.476: require('vim.uri')
008.505  000.529  000.029: require('vim.loader')
009.109  000.583  000.583: require('lazy.stats')
009.599  000.280  000.280: require('lazy.core.util')
009.854  000.254  000.254: require('lazy.core.config')
010.748  000.167  000.167: require('lazy.core.handler')
011.407  000.319  000.319: require('lazy.pkg')
011.411  000.451  000.132: require('lazy.core.meta')
011.418  000.668  000.217: require('lazy.core.plugin')
011.430  001.574  000.739: require('lazy.core.loader')
012.342  000.141  000.141: require('lazy.core.fragments')
014.903  000.193  000.193: require('astronvim.config')
014.906  000.648  000.454: require('astronvim')
015.654  000.743  000.743: require('vim.hl')
015.973  000.317  000.317: require('astronvim.notify')
017.535  000.196  000.196: require('vim.lsp.log')
019.006  001.469  001.469: require('vim.lsp.protocol')
019.635  000.626  000.626: require('vim.lsp.util')
020.257  000.248  000.248: require('vim.lsp.sync')
020.265  000.627  000.379: require('vim.lsp._changetracking')
021.286  000.240  000.240: require('vim.lsp._transport')
021.338  001.072  000.831: require('vim.lsp.rpc')
021.428  004.489  000.500: require('vim.lsp')
035.021  000.215  000.215: require('lazy.core.handler.keys')
035.207  000.183  000.183: require('lazy.core.handler.cmd')
035.552  000.175  000.175: require('lazy.core.handler.event')
035.554  000.344  000.169: require('lazy.core.handler.ft')
035.602  000.005  000.005: require('vim.F')
035.910  000.007  000.007: sourcing nvim_exec2() called at /Users/preildaniel/.config/nvim/init.lua:0
035.924  000.001  000.001: sourcing nvim_exec2() called at /Users/preildaniel/.config/nvim/init.lua:0
035.987  000.001  000.001: sourcing nvim_exec2() called at /Users/preildaniel/.config/nvim/init.lua:0
036.000  000.001  000.001: sourcing nvim_exec2() called at /Users/preildaniel/.config/nvim/init.lua:0
036.011  000.001  000.001: sourcing nvim_exec2() called at /Users/preildaniel/.config/nvim/init.lua:0
036.020  000.001  000.001: sourcing nvim_exec2() called at /Users/preildaniel/.config/nvim/init.lua:0
036.793  000.002  000.002: sourcing nvim_exec2() called at /Users/preildaniel/.config/nvim/init.lua:0
036.809  000.001  000.001: sourcing nvim_exec2() called at /Users/preildaniel/.config/nvim/init.lua:0
036.909  000.001  000.001: sourcing nvim_exec2() called at /Users/preildaniel/.config/nvim/init.lua:0
036.923  000.001  000.001: sourcing nvim_exec2() called at /Users/preildaniel/.config/nvim/init.lua:0
037.823  000.054  000.054: sourcing nvim_exec2() called at /opt/homebrew/Cellar/neovim/0.11.1/share/nvim/runtime/filetype.lua:0
037.826  000.178  000.123: sourcing /opt/homebrew/Cellar/neovim/0.11.1/share/nvim/runtime/filetype.lua
037.829  000.240  000.062: sourcing nvim_exec2() called at /Users/preildaniel/.config/nvim/init.lua:0
039.153  000.004  000.004: sourcing nvim_exec2() called at /Users/preildaniel/.config/nvim/init.lua:0
039.164  000.002  000.002: sourcing nvim_exec2() called at /Users/preildaniel/.config/nvim/init.lua:0
041.428  000.323  000.323: require('astroui.status.config')
041.431  000.548  000.225: require('astroui.config')
041.433  001.108  000.560: require('astroui')
042.068  000.338  000.338: require('astroui.lazygit')
048.876  000.249  000.249: require('astrocore.config')
048.881  000.790  000.541: require('astrocore')
094.001  000.008  000.008: sourcing nvim_exec2() called at /Users/preildaniel/.config/nvim/init.lua:0
094.015  000.002  000.002: sourcing nvim_exec2() called at /Users/preildaniel/.config/nvim/init.lua:0
094.882  000.781  000.781: require('vim.diagnostic')
096.372  000.475  000.475: require('astrocore.buffer')
098.377  000.406  000.406: require('astroui.folding')
101.670  001.373  001.373: require('vim.filetype')
103.551  000.007  000.007: sourcing nvim_exec2() called at ColorSchemePre Autocommands for "*":0
103.563  000.002  000.002: sourcing nvim_exec2() called at ColorSchemePre Autocommands for "*":0
106.142  000.279  000.279: require('cyberdream.colors')
106.905  000.479  000.479: require('cyberdream.config')
106.912  000.767  000.288: require('cyberdream.util')
106.914  001.379  000.333: require('cyberdream.theme')
106.933  002.085  000.706: require('cyberdream')
107.309  000.272  000.272: require('cyberdream.extensions.base')
107.763  000.337  000.337: require('cyberdream.extensions.markdown')
108.157  000.267  000.267: require('cyberdream.extensions.heirline')
108.554  000.369  000.369: require('cyberdream.extensions.fzflua')
108.773  000.184  000.184: require('cyberdream.extensions.alpha')
109.222  000.423  000.423: require('cyberdream.extensions.grapple')
109.430  000.166  000.166: require('cyberdream.extensions.noice')
109.627  000.173  000.173: require('cyberdream.extensions.neogit')
110.105  000.362  000.362: require('cyberdream.extensions.rainbow_delimiters')
110.363  000.219  000.219: require('cyberdream.extensions.notify')
110.616  000.202  000.202: require('cyberdream.extensions.kubectl')
110.833  000.177  000.177: require('cyberdream.extensions.indentblankline')
111.025  000.152  000.152: require('cyberdream.extensions.hop')
111.259  000.186  000.186: require('cyberdream.extensions.helpview')
111.746  000.222  000.222: require('cyberdream.extensions.grugfar')
112.205  000.364  000.364: require('cyberdream.extensions.treesitter')
112.773  000.314  000.314: require('cyberdream.extensions.whichkey')
113.097  000.205  000.205: require('cyberdream.extensions.gitpad')
113.334  000.184  000.184: require('cyberdream.extensions.leap')
113.577  000.197  000.197: require('cyberdream.extensions.telescope')
113.747  000.122  000.122: require('cyberdream.extensions.markview')
113.999  000.119  000.119: require('cyberdream.extensions.trouble')
114.173  000.115  000.115: require('cyberdream.extensions.blinkcmp')
114.451  000.216  000.216: require('cyberdream.extensions.mini')
114.667  000.138  000.138: require('cyberdream.extensions.snacks')
114.985  000.239  000.239: require('cyberdream.extensions.treesittercontext')
115.287  000.185  000.185: require('cyberdream.extensions.gitsigns')
115.535  000.170  000.170: require('cyberdream.extensions.cmp')
115.721  000.119  000.119: require('cyberdream.extensions.lazy')
115.908  000.117  000.117: require('cyberdream.extensions.dashboard')
116.859  012.317  003.717: sourcing /Users/preildaniel/.local/share/nvim/lazy/cyberdream.nvim/colors/cyberdream.lua
124.193  086.346  068.733: require('astrocore')
125.868  000.125  000.125: require('vim.treesitter.language')
125.980  000.109  000.109: require('vim.func')
126.094  000.111  000.111: require('vim.func._memoize')
126.123  000.655  000.309: require('vim.treesitter.query')
126.131  001.780  001.125: require('nvim-treesitter.query_predicates')
126.421  000.005  000.005: sourcing nvim_exec2() called at /Users/preildaniel/.config/nvim/init.lua:0
126.431  000.001  000.001: sourcing nvim_exec2() called at /Users/preildaniel/.config/nvim/init.lua:0
128.233  000.904  000.904: require('snacks')
128.234  001.147  000.243: sourcing /Users/preildaniel/.local/share/nvim/lazy/snacks.nvim/plugin/snacks.lua
128.238  001.230  000.082: sourcing nvim_exec2() called at /Users/preildaniel/.config/nvim/init.lua:0
128.244  000.002  000.002: sourcing nvim_exec2() called at /Users/preildaniel/.config/nvim/init.lua:0
128.258  000.001  000.001: sourcing nvim_exec2() called at /Users/preildaniel/.config/nvim/init.lua:0
129.921  000.158  000.158: require('lib.log')
130.765  000.843  000.843: require('deps.msgpack')
131.448  000.681  000.681: require('deps.serpent')
131.624  000.173  000.173: require('presence.file_explorers')
131.875  000.250  000.250: require('presence.file_assets')
132.119  000.242  000.242: require('presence.plugin_managers')
133.013  000.687  000.687: require('deps.struct')
133.016  000.895  000.208: require('presence.discord')
133.022  004.096  000.853: require('presence')
133.615  000.166  000.166: sourcing /Users/preildaniel/.local/share/nvim/lazy/presence.nvim/autoload/presence.vim
134.936  006.156  001.894: sourcing /Users/preildaniel/.local/share/nvim/lazy/presence.nvim/plugin/presence.vim
134.939  006.228  000.072: sourcing nvim_exec2() called at /Users/preildaniel/.config/nvim/init.lua:0
134.947  000.001  000.001: sourcing nvim_exec2() called at /Users/preildaniel/.config/nvim/init.lua:0
134.957  000.001  000.001: sourcing nvim_exec2() called at /Users/preildaniel/.config/nvim/init.lua:0
135.979  000.492  000.492: sourcing /Users/preildaniel/.local/share/nvim/lazy/telescope.nvim/plugin/telescope.lua
135.982  000.567  000.076: sourcing nvim_exec2() called at /Users/preildaniel/.config/nvim/init.lua:0
135.987  000.001  000.001: sourcing nvim_exec2() called at /Users/preildaniel/.config/nvim/init.lua:0
135.997  000.001  000.001: sourcing nvim_exec2() called at /Users/preildaniel/.config/nvim/init.lua:0
136.211  000.001  000.001: sourcing nvim_exec2() called at /Users/preildaniel/.config/nvim/init.lua:0
136.219  000.001  000.001: sourcing nvim_exec2() called at /Users/preildaniel/.config/nvim/init.lua:0
136.465  000.002  000.002: sourcing nvim_exec2() called at /Users/preildaniel/.config/nvim/init.lua:0
136.472  000.001  000.001: sourcing nvim_exec2() called at /Users/preildaniel/.config/nvim/init.lua:0
137.792  000.211  000.211: require('telescope._extensions')
137.795  001.319  001.108: require('telescope')
139.117  000.121  000.121: require('telescope.state')
140.861  000.170  000.170: sourcing /Users/preildaniel/.local/share/nvim/lazy/plenary.nvim/plugin/plenary.vim
140.864  000.245  000.075: sourcing nvim_exec2() called at /Users/preildaniel/.config/nvim/init.lua:0
140.870  000.001  000.001: sourcing nvim_exec2() called at /Users/preildaniel/.config/nvim/init.lua:0
140.889  000.001  000.001: sourcing nvim_exec2() called at /Users/preildaniel/.config/nvim/init.lua:0
142.299  000.235  000.235: require('plenary.bit')
142.662  000.361  000.361: require('plenary.functional')
142.704  001.715  001.118: require('plenary.path')
142.717  003.227  001.265: require('plenary.strings')
142.847  000.129  000.129: require('telescope.deprecated')
144.312  000.759  000.759: require('plenary.log')
144.330  001.229  000.470: require('telescope.log')
145.915  000.210  000.210: require('plenary.compat')
145.923  000.550  000.340: require('plenary.job')
145.942  001.610  001.060: require('telescope.utils')
145.948  003.099  000.260: require('telescope.sorters')
147.441  008.322  001.867: require('telescope.config')
147.444  008.582  000.139: require('telescope.actions.state')
148.350  000.170  000.170: require('plenary.window.border')
148.517  000.166  000.166: require('plenary.window')
149.459  000.940  000.940: require('plenary.popup.utils')
149.463  001.621  000.345: require('plenary.popup')
149.663  000.199  000.199: require('telescope.pickers.scroller')
149.900  000.235  000.235: require('telescope.actions.utils')
150.255  000.182  000.182: require('telescope.actions.mt')
150.366  000.465  000.282: require('telescope.actions.set')
150.665  000.157  000.157: require('telescope.config.resolve')
150.668  000.300  000.143: require('telescope.pickers.entry_display')
150.802  000.133  000.133: require('telescope.from_entry')
151.122  003.677  000.723: require('telescope.actions')
151.544  000.158  000.158: require('import.regex')
151.553  000.429  000.271: require('import.languages')
152.123  000.403  000.403: require('telescope.make_entry')
153.617  000.118  000.118: require('plenary.tbl')
153.620  000.531  000.413: require('plenary.vararg.rotate')
153.622  000.716  000.186: require('plenary.vararg')
153.734  000.111  000.111: require('plenary.errors')
153.739  001.104  000.276: require('plenary.async.async')
154.244  000.129  000.129: require('plenary.async.structs')
154.251  000.259  000.129: require('plenary.async.control')
154.256  000.394  000.135: require('plenary.async.util')
154.258  000.518  000.124: require('plenary.async.tests')
154.260  001.932  000.311: require('plenary.async')
154.262  002.138  000.205: require('telescope.finders.async_static_finder')
154.697  000.130  000.130: require('plenary.class')
154.709  000.318  000.188: require('telescope._')
154.712  000.449  000.132: require('telescope.finders.async_oneshot_finder')
154.846  000.133  000.133: require('telescope.finders.async_job_finder')
154.855  003.301  000.179: require('telescope.finders')
154.971  000.115  000.115: require('import.get_filetype_config')
155.310  000.220  000.220: require('import.utils')
155.312  000.339  000.119: require('import.get_project_imports')
155.520  000.208  000.208: require('import.insert_line')
156.968  000.227  000.227: require('telescope.debounce')
157.216  000.247  000.247: require('telescope.mappings')
157.357  000.139  000.139: require('telescope.pickers.highlights')
157.476  000.117  000.117: require('telescope.pickers.window')
157.600  000.123  000.123: require('telescope.pickers.layout')
157.882  000.152  000.152: require('telescope.algos.linked_list')
157.886  000.284  000.132: require('telescope.entry_manager')
158.006  000.119  000.119: require('telescope.pickers.multi')
158.027  002.505  001.249: require('telescope.pickers')
158.029  019.301  000.145: require('import.picker')
158.276  000.247  000.247: require('import.validate_config')
158.279  020.483  000.936: require('telescope._extensions.import')
158.710  000.238  000.238: require('vim.health')
158.712  000.422  000.184: require('vim.deprecated.health')
159.550  000.769  000.769: require('vim.iter')
159.673  000.006  000.006: sourcing nvim_exec2() called at /Users/preildaniel/.config/nvim/init.lua:0
159.684  000.002  000.002: sourcing nvim_exec2() called at /Users/preildaniel/.config/nvim/init.lua:0
162.648  000.463  000.463: require('treesj.langs.default_preset')
162.743  001.070  000.607: require('treesj.langs.utils')
162.851  001.461  000.391: require('treesj.langs.javascript')
163.382  000.527  000.527: require('treesj.langs.typescript')
163.664  000.280  000.280: require('treesj.langs.lua')
163.915  000.250  000.250: require('treesj.langs.html')
164.082  000.165  000.165: require('treesj.langs.json')
164.233  000.149  000.149: require('treesj.langs.jsonc')
164.390  000.156  000.156: require('treesj.langs.json5')
164.685  000.294  000.294: require('treesj.langs.vue')
164.875  000.183  000.183: require('treesj.langs.css')
164.999  000.123  000.123: require('treesj.langs.scss')
165.105  000.104  000.104: require('treesj.langs.tsx')
165.280  000.174  000.174: require('treesj.langs.perl')
165.393  000.111  000.111: require('treesj.langs.php')
165.495  000.101  000.101: require('treesj.langs.php_only')
165.723  000.108  000.108: require('treesj.utils')
165.815  000.319  000.211: require('treesj.langs.ruby')
165.936  000.119  000.119: require('treesj.langs.go')
166.049  000.112  000.112: require('treesj.langs.java')
166.149  000.097  000.097: require('treesj.langs.pug')
166.417  000.267  000.267: require('treesj.langs.svelte')
166.589  000.138  000.138: require('treesj.langs.rust')
166.743  000.152  000.152: require('treesj.langs.python')
166.936  000.191  000.191: require('treesj.langs.starlark')
167.052  000.115  000.115: require('treesj.langs.r')
167.272  000.116  000.116: require('treesj.langs.c')
167.278  000.225  000.109: require('treesj.langs.cpp')
167.384  000.104  000.104: require('treesj.langs.toml')
167.498  000.113  000.113: require('treesj.langs.yaml')
167.687  000.188  000.188: require('treesj.langs.nix')
167.797  000.108  000.108: require('treesj.langs.kotlin')
167.908  000.109  000.109: require('treesj.langs.bash')
168.042  000.133  000.133: require('treesj.langs.sql')
168.148  000.105  000.105: require('treesj.langs.dart')
168.284  000.134  000.134: require('treesj.langs.elixir')
168.378  000.091  000.091: require('treesj.langs.haskell')
168.488  000.108  000.108: require('treesj.langs.zig')
168.603  000.114  000.114: require('treesj.langs.julia')
168.991  000.387  000.387: require('treesj.langs.terraform')
168.993  008.023  000.517: require('treesj.langs')
174.716  014.044  006.022: require('treesj.settings')
174.719  015.031  000.987: require('treesj')
178.893  000.005  000.005: sourcing nvim_exec2() called at /Users/preildaniel/.config/nvim/init.lua:0
178.903  000.001  000.001: sourcing nvim_exec2() called at /Users/preildaniel/.config/nvim/init.lua:0
179.889  000.983  000.983: require('mini.move')
181.898  001.529  001.529: sourcing /opt/homebrew/Cellar/neovim/0.11.1/share/nvim/runtime/plugin/editorconfig.lua
181.902  001.593  000.065: sourcing nvim_exec2() called at /Users/preildaniel/.config/nvim/init.lua:0
182.108  000.140  000.140: sourcing /opt/homebrew/Cellar/neovim/0.11.1/share/nvim/runtime/plugin/man.lua
182.111  000.202  000.063: sourcing nvim_exec2() called at /Users/preildaniel/.config/nvim/init.lua:0
183.812  000.290  000.290: sourcing /opt/homebrew/Cellar/neovim/0.11.1/share/nvim/runtime/pack/dist/opt/matchit/plugin/matchit.vim
183.827  001.656  001.366: sourcing /opt/homebrew/Cellar/neovim/0.11.1/share/nvim/runtime/plugin/matchit.vim
183.830  001.713  000.057: sourcing nvim_exec2() called at /Users/preildaniel/.config/nvim/init.lua:0
184.095  000.216  000.216: sourcing /opt/homebrew/Cellar/neovim/0.11.1/share/nvim/runtime/plugin/matchparen.vim
184.097  000.263  000.047: sourcing nvim_exec2() called at /Users/preildaniel/.config/nvim/init.lua:0
184.238  000.092  000.092: sourcing /opt/homebrew/Cellar/neovim/0.11.1/share/nvim/runtime/plugin/osc52.lua
184.241  000.139  000.047: sourcing nvim_exec2() called at /Users/preildaniel/.config/nvim/init.lua:0
184.510  000.221  000.221: sourcing /opt/homebrew/Cellar/neovim/0.11.1/share/nvim/runtime/plugin/rplugin.vim
184.512  000.268  000.047: sourcing nvim_exec2() called at /Users/preildaniel/.config/nvim/init.lua:0
184.826  000.265  000.265: sourcing /opt/homebrew/Cellar/neovim/0.11.1/share/nvim/runtime/plugin/shada.vim
184.829  000.313  000.047: sourcing nvim_exec2() called at /Users/preildaniel/.config/nvim/init.lua:0
184.926  000.044  000.044: sourcing /opt/homebrew/Cellar/neovim/0.11.1/share/nvim/runtime/plugin/spellfile.vim
184.929  000.097  000.052: sourcing nvim_exec2() called at /Users/preildaniel/.config/nvim/init.lua:0
185.022  000.042  000.042: sourcing /opt/homebrew/Cellar/neovim/0.11.1/share/nvim/runtime/plugin/tutor.vim
185.024  000.092  000.050: sourcing nvim_exec2() called at /Users/preildaniel/.config/nvim/init.lua:0
185.146  177.514  027.017: require('lazy_setup')
185.348  000.201  000.201: require('polish')
185.350  179.115  000.380: sourcing /Users/preildaniel/.config/nvim/init.lua
185.358  000.809: sourcing vimrc file(s)
185.788  000.040  000.040: sourcing /opt/homebrew/Cellar/neovim/0.11.1/share/nvim/runtime/filetype.lua
186.367  000.124  000.124: sourcing /opt/homebrew/Cellar/neovim/0.11.1/share/nvim/runtime/syntax/synload.vim
186.428  000.562  000.438: sourcing /opt/homebrew/Cellar/neovim/0.11.1/share/nvim/runtime/syntax/syntax.vim
186.439  000.479: inits 3
187.829  001.390: reading ShaDa
187.909  000.080: opening buffers
187.992  000.002  000.002: sourcing nvim_exec2() called at BufEnter Autocommands for "*":0
188.001  000.001  000.001: sourcing nvim_exec2() called at BufEnter Autocommands for "*":0
189.476  000.280  000.280: require('astroui.status.condition')
189.971  000.493  000.493: require('astroui.status.utils')
189.978  001.055  000.282: require('astroui.status.provider')
189.980  001.218  000.163: require('astroui.status.init')
189.986  001.425  000.207: require('astroui.status.component')
190.298  000.200  000.200: require('astroui.status.hl')
190.300  000.313  000.113: require('astroui.status.heirline')
190.302  001.962  000.224: require('astroui.status')
191.634  000.437  000.437: require('heirline.highlights')
192.174  000.299  000.299: require('heirline.utils')
192.361  000.137  000.137: require('astroui.ffi')
193.166  000.452  000.452: require('heirline.statusline')
193.170  000.691  000.240: require('heirline')
194.426  002.989: BufEnter autocommands
194.428  000.002: editing files in windows
194.695  000.267: VimEnter autocommands
195.599  000.357  000.357: require('snacks.util')
195.626  000.902  000.545: require('snacks.dashboard')
198.128  000.463  000.463: require('vim.ui')
198.135  000.815  000.351: require('snacks.input')
199.964  000.221  000.221: require('vim.treesitter._range')
199.982  001.248  001.027: require('vim.treesitter.languagetree')
199.988  001.540  000.292: require('vim.treesitter')
200.002  001.864  000.324: require('snacks.scope')
200.509  000.367  000.367: require('snacks.picker')
201.311  000.799  000.799: require('snacks.picker.config')
201.696  000.383  000.383: require('snacks.picker.config.highlights')
202.330  000.632  000.632: require('snacks.picker.config.defaults')
202.761  000.429  000.429: require('snacks.picker.config.sources')
202.992  000.229  000.229: require('snacks.picker.config.layouts')
205.676  000.159  000.159: require('vim.termcap')
205.701  000.014  000.014: require('vim.text')
205.774  004.487: UIEnter autocommands
205.776  000.002: before starting main loop
207.431  001.655: first screen update
207.432  000.001: --- NVIM STARTED ---

